#
# There is insufficient memory for the Java Runtime Environment to continue.
# Native memory allocation (mmap) failed to map 266338304 bytes. Error detail: G1 virtual space
# Possible reasons:
#   The system is out of physical RAM or swap space
#   This process is running with CompressedOops enabled, and the Java Heap may be blocking the growth of the native heap
# Possible solutions:
#   Reduce memory load on the system
#   Increase physical memory or swap space
#   Check if swap backing store is full
#   Decrease Java heap size (-Xmx/-Xms)
#   Decrease number of Java threads
#   Decrease Java thread stack sizes (-Xss)
#   Set larger code cache with -XX:ReservedCodeCacheSize=
#   JVM is running with Zero Based Compressed Oops mode in which the Java heap is
#     placed in the first 32GB address space. The Java Heap base address is the
#     maximum limit for the native heap growth. Please use -XX:HeapBaseMinAddress
#     to set the Java Heap base and to place the Java Heap above 32GB virtual address.
# This output file may be truncated or incomplete.
#
#  Out of Memory Error (os_windows.cpp:3898), pid=30752, tid=14852
#
# JRE version:  (21.0.6) (build )
# Java VM: OpenJDK 64-Bit Server VM (21.0.6+-13355223-b631.42, mixed mode, sharing, tiered, compressed oops, compressed class ptrs, g1 gc, windows-amd64)
# No core dump will be written. Minidumps are not enabled by default on client versions of Windows
#

---------------  S U M M A R Y ------------

Command Line: org.jetbrains.kotlin.cli.jvm.K2JVMCompiler @C:\Users\SPEED\AndroidStudioProjects\MyApplication\app\build\20250507_3033856553857608199.compiler.options

Host: Intel(R) Core(TM) i5-8350U CPU @ 1.70GHz, 8 cores, 15G,  Windows 11 , 64 bit Build 26100 (10.0.26100.3775)
Time: Wed May  7 10:49:02 2025 Egypt Daylight Time elapsed time: 0.014562 seconds (0d 0h 0m 0s)

---------------  T H R E A D  ---------------

Current thread (0x000002b19cfabd80):  JavaThread "Unknown thread" [_thread_in_vm, id=14852, stack(0x000000e2b9400000,0x000000e2b9500000) (1024K)]

Stack: [0x000000e2b9400000,0x000000e2b9500000]
Native frames: (J=compiled Java code, j=interpreted, Vv=VM code, C=native code)
V  [jvm.dll+0x6d05a9]
V  [jvm.dll+0x85ea73]
V  [jvm.dll+0x860fce]
V  [jvm.dll+0x8616b3]
V  [jvm.dll+0x27e6e6]
V  [jvm.dll+0x6ccf45]
V  [jvm.dll+0x6c09fa]
V  [jvm.dll+0x35535b]
V  [jvm.dll+0x35cfb6]
V  [jvm.dll+0x3aef46]
V  [jvm.dll+0x3af218]
V  [jvm.dll+0x327a2c]
V  [jvm.dll+0x32871b]
V  [jvm.dll+0x8264b9]
V  [jvm.dll+0x3bc118]
V  [jvm.dll+0x80f768]
V  [jvm.dll+0x4502ce]
V  [jvm.dll+0x451a31]
C  [jli.dll+0x52ab]
C  [ucrtbase.dll+0x37b0]
C  [KERNEL32.DLL+0x2e8d7]
C  [ntdll.dll+0xb14fc]


---------------  P R O C E S S  ---------------

Threads class SMR info:
_java_thread_list=0x00007ffed2b11848, length=0, elements={
}

Java Threads: ( => current thread )
Total: 0

Other Threads:
  0x000002b19f2df390 WorkerThread "GC Thread#0"                     [id=24364, stack(0x000000e2b9500000,0x000000e2b9600000) (1024K)]
  0x000002b19f2f0100 ConcurrentGCThread "G1 Main Marker"            [id=30020, stack(0x000000e2b9600000,0x000000e2b9700000) (1024K)]
  0x000002b19f2f1a40 WorkerThread "G1 Conc#0"                       [id=13716, stack(0x000000e2b9700000,0x000000e2b9800000) (1024K)]

[error occurred during error reporting (printing all threads), id 0xc0000005, EXCEPTION_ACCESS_VIOLATION (0xc0000005) at pc=0x00007ffed230aa67]
VM state: not at safepoint (not fully initialized)

VM Mutex/Monitor currently owned by a thread:  ([mutex/lock_event])
[0x00007ffed2b7e4a0] Heap_lock - owner thread: 0x000002b19cfabd80

Heap address: 0x0000000702600000, size: 4058 MB, Compressed Oops mode: Zero based, Oop shift amount: 3

CDS archive(s) mapped at: [0x0000000000000000-0x0000000000000000-0x0000000000000000), size 0, SharedBaseAddress: 0x0000000800000000, ArchiveRelocationMode: 1.
Narrow klass base: 0x0000000000000000, Narrow klass shift: 0, Narrow klass range: 0x0

GC Precious Log:
 CardTable entry size: 512
 Card Set container configuration: InlinePtr #cards 4 size 8 Array Of Cards #cards 16 size 48 Howl #buckets 8 coarsen threshold 3686 Howl Bitmap #cards 512 size 80 coarsen threshold 460 Card regions per heap region 1 cards per card region 4096

Heap:
 garbage-first heap   total 0K, used 0K [0x0000000702600000, 0x0000000800000000)
  region size 2048K, 0 young (0K), 0 survivors (0K)
 Metaspace       used 0K, committed 0K, reserved 0K
  class space    used 0K, committed 0K, reserved 0K

Heap Regions: E=young(eden), S=young(survivor), O=old, HS=humongous(starts), HC=humongous(continues), CS=collection set, F=free, TAMS=top-at-mark-start, PB=parsable bottom

Card table byte_map: [0x000002b1b1ee0000,0x000002b1b26d0000] _byte_map_base: 0x000002b1ae6cd000

Marking Bits: (CMBitMap*) 0x000002b19f2dfa90
 Bits: [0x000002b1b26d0000, 0x000002b1b6638000)

GC Heap History (0 events):
No events

Dll operation events (1 events):
Event: 0.010 Loaded shared library C:\Program Files\Android\Android Studio\jbr\bin\java.dll

Deoptimization events (0 events):
No events

Classes loaded (0 events):
No events

Classes unloaded (0 events):
No events

Classes redefined (0 events):
No events

Internal exceptions (0 events):
No events

ZGC Phase Switch (0 events):
No events

VM Operations (0 events):
No events

Memory protections (0 events):
No events

Nmethod flushes (0 events):
No events

Events (0 events):
No events


Dynamic libraries:
0x00007ff756a30000 - 0x00007ff756a3a000 	C:\Program Files\Android\Android Studio\jbr\bin\java.exe
0x00007fff70840000 - 0x00007fff70aa0000 	C:\WINDOWS\SYSTEM32\ntdll.dll
0x00007fff6f480000 - 0x00007fff6f547000 	C:\WINDOWS\System32\KERNEL32.DLL
0x00007fff6e060000 - 0x00007fff6e42a000 	C:\WINDOWS\System32\KERNELBASE.dll
0x00007fff66e10000 - 0x00007fff66eac000 	C:\WINDOWS\SYSTEM32\apphelp.dll
0x00007fff6e430000 - 0x00007fff6e57b000 	C:\WINDOWS\System32\ucrtbase.dll
0x00007fff428e0000 - 0x00007fff428fb000 	C:\Program Files\Android\Android Studio\jbr\bin\VCRUNTIME140.dll
0x00007fff4c0d0000 - 0x00007fff4c0e8000 	C:\Program Files\Android\Android Studio\jbr\bin\jli.dll
0x00007fff70020000 - 0x00007fff701ec000 	C:\WINDOWS\System32\USER32.dll
0x00007fff6e610000 - 0x00007fff6e637000 	C:\WINDOWS\System32\win32u.dll
0x00007fff54cb0000 - 0x00007fff54f47000 	C:\WINDOWS\WinSxS\amd64_microsoft.windows.common-controls_6595b64144ccf1df_6.0.26100.3624_none_3e086962e3345f24\COMCTL32.dll
0x00007fff6e7a0000 - 0x00007fff6e7ca000 	C:\WINDOWS\System32\GDI32.dll
0x00007fff6fda0000 - 0x00007fff6fe49000 	C:\WINDOWS\System32\msvcrt.dll
0x00007fff6dba0000 - 0x00007fff6dcd1000 	C:\WINDOWS\System32\gdi32full.dll
0x00007fff6dce0000 - 0x00007fff6dd83000 	C:\WINDOWS\System32\msvcp_win.dll
0x00007fff6fd30000 - 0x00007fff6fd5f000 	C:\WINDOWS\System32\IMM32.DLL
0x00007fff54450000 - 0x00007fff5445c000 	C:\Program Files\Android\Android Studio\jbr\bin\vcruntime140_1.dll
0x00007fff35d00000 - 0x00007fff35d8d000 	C:\Program Files\Android\Android Studio\jbr\bin\msvcp140.dll
0x00007ffed1fd0000 - 0x00007ffed2c5b000 	C:\Program Files\Android\Android Studio\jbr\bin\server\jvm.dll
0x00007fff6e850000 - 0x00007fff6e902000 	C:\WINDOWS\System32\ADVAPI32.dll
0x00007fff701f0000 - 0x00007fff70296000 	C:\WINDOWS\System32\sechost.dll
0x00007fff6e920000 - 0x00007fff6ea36000 	C:\WINDOWS\System32\RPCRT4.dll
0x00007fff6ea70000 - 0x00007fff6eae4000 	C:\WINDOWS\System32\WS2_32.dll
0x00007fff6d890000 - 0x00007fff6d8ee000 	C:\WINDOWS\SYSTEM32\POWRPROF.dll
0x00007fff5a2b0000 - 0x00007fff5a2e6000 	C:\WINDOWS\SYSTEM32\WINMM.dll
0x00007fff5c740000 - 0x00007fff5c74b000 	C:\WINDOWS\SYSTEM32\VERSION.dll
0x00007fff6d870000 - 0x00007fff6d884000 	C:\WINDOWS\SYSTEM32\UMPDC.dll
0x00007fff6c7f0000 - 0x00007fff6c80a000 	C:\WINDOWS\SYSTEM32\kernel.appcore.dll
0x00007fff50940000 - 0x00007fff5094a000 	C:\Program Files\Android\Android Studio\jbr\bin\jimage.dll
0x00007fff6b200000 - 0x00007fff6b441000 	C:\WINDOWS\SYSTEM32\DBGHELP.DLL
0x00007fff6f0f0000 - 0x00007fff6f472000 	C:\WINDOWS\System32\combase.dll
0x00007fff6fe50000 - 0x00007fff6ff26000 	C:\WINDOWS\System32\OLEAUT32.dll
0x00007fff52f60000 - 0x00007fff52f99000 	C:\WINDOWS\SYSTEM32\dbgcore.DLL
0x00007fff6de50000 - 0x00007fff6dee9000 	C:\WINDOWS\System32\bcryptPrimitives.dll
0x00007fff417b0000 - 0x00007fff417d0000 	C:\Program Files\Android\Android Studio\jbr\bin\java.dll

dbghelp: loaded successfully - version: 4.0.5 - missing functions: none
symbol engine: initialized successfully - sym options: 0x614 - pdb path: .;C:\Program Files\Android\Android Studio\jbr\bin;C:\WINDOWS\SYSTEM32;C:\WINDOWS\WinSxS\amd64_microsoft.windows.common-controls_6595b64144ccf1df_6.0.26100.3624_none_3e086962e3345f24;C:\Program Files\Android\Android Studio\jbr\bin\server

VM Arguments:
java_command: org.jetbrains.kotlin.cli.jvm.K2JVMCompiler @C:\Users\SPEED\AndroidStudioProjects\MyApplication\app\build\20250507_3033856553857608199.compiler.options
java_class_path (initial): C:\Users\SPEED\.gradle\caches\modules-2\files-2.1\org.jetbrains.kotlin\kotlin-compiler-embeddable\1.7.20\8db18559a581dd2c36ddfd5046af145650f5b126\kotlin-compiler-embeddable-1.7.20.jar;C:\Users\SPEED\.gradle\caches\modules-2\files-2.1\org.jetbrains.kotlin\kotlin-reflect\1.7.20\12b2501e33bb6373e8e347c86d85481863629381\kotlin-reflect-1.7.20.jar;C:\Users\SPEED\.gradle\caches\modules-2\files-2.1\org.jetbrains.kotlin\kotlin-stdlib\1.7.20\726594ea9ba2beb2ee113647fefa9a10f9fabe52\kotlin-stdlib-1.7.20.jar;C:\Users\SPEED\.gradle\caches\modules-2\files-2.1\org.jetbrains.kotlin\kotlin-script-runtime\1.7.20\bcd1cc6f865e632550357fcc59f5ffd532615a8\kotlin-script-runtime-1.7.20.jar;C:\Users\SPEED\.gradle\caches\modules-2\files-2.1\org.jetbrains.kotlin\kotlin-daemon-embeddable\1.7.20\1e24355adad8d529d75d5b19eab55484057431ba\kotlin-daemon-embeddable-1.7.20.jar;C:\Users\SPEED\.gradle\caches\modules-2\files-2.1\org.jetbrains.intellij.deps\trove4j\1.0.20200330\3afb14d5f9ceb459d724e907a21145e8ff394f02\trove4j-1.0.20200330.jar;C:\Users\SPEED\.gradle\caches\modules-2\files-2.1\net.java.dev.jna\jna\5.6.0\330f2244e9030119ab3030fc3fededc86713d9cc\jna-5.6.0.jar;C:\Users\SPEED\.gradle\caches\modules-2\files-2.1\org.jetbrains.kotlin\kotlin-stdlib-common\1.7.20\e15351bdaf9fa06f009be5da7a202e4184f00ae3\kotlin-stdlib-common-1.7.20.jar;C:\Users\SPEED\.gradle\caches\modules-2\files-2.1\org.jetbrains\annotations\13.0\919f0dfe192fb4e063e7dacadee7f8bb9a2672a9\annotations-13.0.jar
Launcher Type: SUN_STANDARD

[Global flags]
     intx CICompilerCount                          = 4                                         {product} {ergonomic}
     uint ConcGCThreads                            = 2                                         {product} {ergonomic}
     uint G1ConcRefinementThreads                  = 8                                         {product} {ergonomic}
   size_t G1HeapRegionSize                         = 2097152                                   {product} {ergonomic}
    uintx GCDrainStackTargetSize                   = 64                                        {product} {ergonomic}
   size_t InitialHeapSize                          = 266338304                                 {product} {ergonomic}
   size_t MarkStackSize                            = 4194304                                   {product} {ergonomic}
   size_t MaxHeapSize                              = 4255121408                                {product} {ergonomic}
   size_t MinHeapDeltaBytes                        = 2097152                                   {product} {ergonomic}
   size_t MinHeapSize                              = 8388608                                   {product} {ergonomic}
    uintx NonNMethodCodeHeapSize                   = 5839372                                {pd product} {ergonomic}
    uintx NonProfiledCodeHeapSize                  = 122909434                              {pd product} {ergonomic}
    uintx ProfiledCodeHeapSize                     = 122909434                              {pd product} {ergonomic}
    uintx ReservedCodeCacheSize                    = 251658240                              {pd product} {ergonomic}
     bool SegmentedCodeCache                       = true                                      {product} {ergonomic}
   size_t SoftMaxHeapSize                          = 4255121408                             {manageable} {ergonomic}
     bool UseCompressedOops                        = true                           {product lp64_product} {ergonomic}
     bool UseG1GC                                  = true                                      {product} {ergonomic}
     bool UseLargePagesIndividualAllocation        = false                                  {pd product} {ergonomic}

Logging:
Log output configuration:
 #0: stdout all=warning uptime,level,tags foldmultilines=false
 #1: stderr all=off uptime,level,tags foldmultilines=false

Environment Variables:
PATH=C:\ProgramData\Oracle\Java\javapath;C:\WINDOWS\system32;C:\WINDOWS;C:\WINDOWS\System32\Wbem;C:\WINDOWS\System32\WindowsPowerShell\v1.0\;C:\WINDOWS\System32\OpenSSH\;C:\flutter\bin;C:\dart-sdk\bin;C:\Program Files\Git\cmd;C:\Users\SPEED\AppData\Local\Microsoft\WindowsApps;C:\Users\SPEED\AppData\Local\Programs\Microsoft VS Code\bin;;C:\Program Files\JetBrains\IntelliJ IDEA 2024.3.5\bin;
USERNAME=SPEED
OS=Windows_NT
PROCESSOR_IDENTIFIER=Intel64 Family 6 Model 142 Stepping 10, GenuineIntel
TMP=C:\Users\SPEED\AppData\Local\Temp
TEMP=C:\Users\SPEED\AppData\Local\Temp




Periodic native trim disabled

JNI global refs:
JNI global refs: 0, weak refs: 0

JNI global refs memory usage: 0, weak refs: 0

Process memory usage:
Resident Set Size: 13696K (0% of 16616660K total physical memory with 803188K free physical memory)

OOME stack traces (most recent first):
Classloader memory used:

---------------  S Y S T E M  ---------------

OS:
 Windows 11 , 64 bit Build 26100 (10.0.26100.3775)
OS uptime: 21 days 14:15 hours
Hyper-V role detected

CPU: total 8 (initial active 8) (4 cores per cpu, 2 threads per core) family 6 model 142 stepping 10 microcode 0xf6, cx8, cmov, fxsr, ht, mmx, 3dnowpref, sse, sse2, sse3, ssse3, sse4.1, sse4.2, popcnt, lzcnt, tsc, tscinvbit, avx, avx2, aes, erms, clmul, bmi1, bmi2, rtm, adx, fma, vzeroupper, clflush, clflushopt, hv, rdtscp, f16c
Processor Information for the first 8 processors :
  Max Mhz: 1896, Current Mhz: 1696, Mhz Limit: 1687

Memory: 4k page, system-wide physical 16227M (784M free)
TotalPageFile size 41129M (AvailPageFile size 215M)
current process WorkingSet (physical memory assigned to process): 13M, peak: 13M
current process commit charge ("private bytes"): 60M, peak: 314M

vm_info: OpenJDK 64-Bit Server VM (21.0.6+-13355223-b631.42) for windows-amd64 JRE (21.0.6+-13355223-b631.42), built on 2025-04-14T18:21:23Z by "builder" with MS VC++ 16.10 / 16.11 (VS2019)

END.
